<?xml version="1.0" encoding="UTF-8"?>
<TestRun id="8c9d3af8-7077-4f70-ab1e-9587718c635b" name="fabricio.noda@MGA-NODA 2013-08-29 20:48:29" runUser="BENNER\fabricio.noda" xmlns="http://microsoft.com/schemas/VisualStudio/TeamTest/2010">
  <TestSettings name="Local" id="856062cb-b0a4-493e-8a3d-c547d0aec54d">
    <Description>These are default test settings for a local test run.</Description>
    <Deployment enabled="false" runDeploymentRoot="fabricio.noda_MGA-NODA 2013-08-29 20_48_29">
      <DeploymentItem filename="C:\projetos-inov\MonitorSMS\Dojo-20130829\Dojo-20130829\bin\Debug\Dojo-20130829.exe" />
    </Deployment>
    <Execution>
      <TestTypeSpecific />
      <AgentRule name="Execution Agents">
      </AgentRule>
    </Execution>
  </TestSettings>
  <Times creation="2013-08-29T20:48:29.5858476-03:00" queuing="2013-08-29T20:48:29.6488539-03:00" start="2013-08-29T20:48:29.6528543-03:00" finish="2013-08-29T20:48:29.8098700-03:00" />
  <ResultSummary outcome="Completed">
    <Counters total="6" executed="6" passed="6" error="0" failed="0" timeout="0" aborted="0" inconclusive="0" passedButRunAborted="0" notRunnable="0" notExecuted="0" disconnected="0" warning="0" completed="0" inProgress="0" pending="0" />
  </ResultSummary>
  <TestDefinitions>
    <UnitTest name="saque422" storage="c:\projetos-inov\monitorsms\dojo-20130829\dojotest\bin\debug\dojotest.dll" id="c92d6d82-b7c8-8c54-c07b-b9d0383e981c">
      <Execution id="c084f84b-ffbe-496a-bd49-5399667f71b4" />
      <TestMethod codeBase="C:/projetos-inov/MonitorSMS/Dojo-20130829/DojoTest/bin/Debug/DojoTest.DLL" adapterTypeName="Microsoft.VisualStudio.TestTools.TestTypes.Unit.UnitTestAdapter, Microsoft.VisualStudio.QualityTools.Tips.UnitTest.Adapter, Version=10.0.0.0, Culture=neutral, PublicKeyToken=b03f5f7f11d50a3a" className="DojoTest.ProgramTest, DojoTest, Version=1.0.0.0, Culture=neutral, PublicKeyToken=null" name="saque422" />
    </UnitTest>
    <UnitTest name="saque13" storage="c:\projetos-inov\monitorsms\dojo-20130829\dojotest\bin\debug\dojotest.dll" id="9bc62e9b-4fb0-b777-da67-ff1e8a5b44a5">
      <Execution id="3ae83f8e-a266-4eb1-9054-26e136c61c61" />
      <TestMethod codeBase="C:/projetos-inov/MonitorSMS/Dojo-20130829/DojoTest/bin/Debug/DojoTest.DLL" adapterTypeName="Microsoft.VisualStudio.TestTools.TestTypes.Unit.UnitTestAdapter, Microsoft.VisualStudio.QualityTools.Tips.UnitTest.Adapter, Version=10.0.0.0, Culture=neutral, PublicKeyToken=b03f5f7f11d50a3a" className="DojoTest.ProgramTest, DojoTest, Version=1.0.0.0, Culture=neutral, PublicKeyToken=null" name="saque13" />
    </UnitTest>
    <UnitTest name="saque10retorna10" storage="c:\projetos-inov\monitorsms\dojo-20130829\dojotest\bin\debug\dojotest.dll" id="a8b3812e-5983-9ea9-c9b6-09fd99966ce5">
      <Execution id="4e4cc6d4-bb62-4dae-a22c-de09be68c213" />
      <TestMethod codeBase="C:/projetos-inov/MonitorSMS/Dojo-20130829/DojoTest/bin/Debug/DojoTest.DLL" adapterTypeName="Microsoft.VisualStudio.TestTools.TestTypes.Unit.UnitTestAdapter, Microsoft.VisualStudio.QualityTools.Tips.UnitTest.Adapter, Version=10.0.0.0, Culture=neutral, PublicKeyToken=b03f5f7f11d50a3a" className="DojoTest.ProgramTest, DojoTest, Version=1.0.0.0, Culture=neutral, PublicKeyToken=null" name="saque10retorna10" />
    </UnitTest>
    <UnitTest name="saque30retorna1Nota20E1Nota10" storage="c:\projetos-inov\monitorsms\dojo-20130829\dojotest\bin\debug\dojotest.dll" id="f2901349-0bc0-781e-978f-4e8dfa116aaa">
      <Execution id="106376bf-858c-46d2-b710-12dfd4941558" />
      <TestMethod codeBase="C:/projetos-inov/MonitorSMS/Dojo-20130829/DojoTest/bin/Debug/DojoTest.DLL" adapterTypeName="Microsoft.VisualStudio.TestTools.TestTypes.Unit.UnitTestAdapter, Microsoft.VisualStudio.QualityTools.Tips.UnitTest.Adapter, Version=10.0.0.0, Culture=neutral, PublicKeyToken=b03f5f7f11d50a3a" className="DojoTest.ProgramTest, DojoTest, Version=1.0.0.0, Culture=neutral, PublicKeyToken=null" name="saque30retorna1Nota20E1Nota10" />
    </UnitTest>
    <UnitTest name="saque45retorna2Nota20E1Nota5" storage="c:\projetos-inov\monitorsms\dojo-20130829\dojotest\bin\debug\dojotest.dll" id="ab9b4e93-05ac-019a-7b99-d9d46c245f94">
      <Execution id="786e586d-da67-4eae-9213-bcc1fd64c77e" />
      <TestMethod codeBase="C:/projetos-inov/MonitorSMS/Dojo-20130829/DojoTest/bin/Debug/DojoTest.DLL" adapterTypeName="Microsoft.VisualStudio.TestTools.TestTypes.Unit.UnitTestAdapter, Microsoft.VisualStudio.QualityTools.Tips.UnitTest.Adapter, Version=10.0.0.0, Culture=neutral, PublicKeyToken=b03f5f7f11d50a3a" className="DojoTest.ProgramTest, DojoTest, Version=1.0.0.0, Culture=neutral, PublicKeyToken=null" name="saque45retorna2Nota20E1Nota5" />
    </UnitTest>
    <UnitTest name="saque112" storage="c:\projetos-inov\monitorsms\dojo-20130829\dojotest\bin\debug\dojotest.dll" id="0c515bf2-cacb-b50a-9e88-241819e6260b">
      <Execution id="ce653e9d-f269-4098-9c6c-ceec889f63eb" />
      <TestMethod codeBase="C:/projetos-inov/MonitorSMS/Dojo-20130829/DojoTest/bin/Debug/DojoTest.DLL" adapterTypeName="Microsoft.VisualStudio.TestTools.TestTypes.Unit.UnitTestAdapter, Microsoft.VisualStudio.QualityTools.Tips.UnitTest.Adapter, Version=10.0.0.0, Culture=neutral, PublicKeyToken=b03f5f7f11d50a3a" className="DojoTest.ProgramTest, DojoTest, Version=1.0.0.0, Culture=neutral, PublicKeyToken=null" name="saque112" />
    </UnitTest>
  </TestDefinitions>
  <TestLists>
    <TestList name="Results Not in a List" id="8c84fa94-04c1-424b-9868-57a2d4851a1d" />
    <TestList name="All Loaded Results" id="19431567-8539-422a-85d7-44ee4e166bda" />
  </TestLists>
  <TestEntries>
    <TestEntry testId="0c515bf2-cacb-b50a-9e88-241819e6260b" executionId="ce653e9d-f269-4098-9c6c-ceec889f63eb" testListId="8c84fa94-04c1-424b-9868-57a2d4851a1d" />
    <TestEntry testId="9bc62e9b-4fb0-b777-da67-ff1e8a5b44a5" executionId="3ae83f8e-a266-4eb1-9054-26e136c61c61" testListId="8c84fa94-04c1-424b-9868-57a2d4851a1d" />
    <TestEntry testId="a8b3812e-5983-9ea9-c9b6-09fd99966ce5" executionId="4e4cc6d4-bb62-4dae-a22c-de09be68c213" testListId="8c84fa94-04c1-424b-9868-57a2d4851a1d" />
    <TestEntry testId="ab9b4e93-05ac-019a-7b99-d9d46c245f94" executionId="786e586d-da67-4eae-9213-bcc1fd64c77e" testListId="8c84fa94-04c1-424b-9868-57a2d4851a1d" />
    <TestEntry testId="c92d6d82-b7c8-8c54-c07b-b9d0383e981c" executionId="c084f84b-ffbe-496a-bd49-5399667f71b4" testListId="8c84fa94-04c1-424b-9868-57a2d4851a1d" />
    <TestEntry testId="f2901349-0bc0-781e-978f-4e8dfa116aaa" executionId="106376bf-858c-46d2-b710-12dfd4941558" testListId="8c84fa94-04c1-424b-9868-57a2d4851a1d" />
  </TestEntries>
  <Results>
    <UnitTestResult executionId="ce653e9d-f269-4098-9c6c-ceec889f63eb" testId="0c515bf2-cacb-b50a-9e88-241819e6260b" testName="saque112" computerName="MGA-NODA" duration="00:00:00.0119405" startTime="2013-08-29T20:48:29.6548545-03:00" endTime="2013-08-29T20:48:29.7888679-03:00" testType="13cdc9d9-ddb5-4fa4-a97d-d965ccfc6d4b" outcome="Passed" testListId="8c84fa94-04c1-424b-9868-57a2d4851a1d" relativeResultsDirectory="ce653e9d-f269-4098-9c6c-ceec889f63eb">
    </UnitTestResult>
    <UnitTestResult executionId="3ae83f8e-a266-4eb1-9054-26e136c61c61" testId="9bc62e9b-4fb0-b777-da67-ff1e8a5b44a5" testName="saque13" computerName="MGA-NODA" duration="00:00:00.0003363" startTime="2013-08-29T20:48:29.7888679-03:00" endTime="2013-08-29T20:48:29.7908681-03:00" testType="13cdc9d9-ddb5-4fa4-a97d-d965ccfc6d4b" outcome="Passed" testListId="8c84fa94-04c1-424b-9868-57a2d4851a1d" relativeResultsDirectory="3ae83f8e-a266-4eb1-9054-26e136c61c61">
    </UnitTestResult>
    <UnitTestResult executionId="4e4cc6d4-bb62-4dae-a22c-de09be68c213" testId="a8b3812e-5983-9ea9-c9b6-09fd99966ce5" testName="saque10retorna10" computerName="MGA-NODA" duration="00:00:00.0001476" startTime="2013-08-29T20:48:29.7918682-03:00" endTime="2013-08-29T20:48:29.7928683-03:00" testType="13cdc9d9-ddb5-4fa4-a97d-d965ccfc6d4b" outcome="Passed" testListId="8c84fa94-04c1-424b-9868-57a2d4851a1d" relativeResultsDirectory="4e4cc6d4-bb62-4dae-a22c-de09be68c213">
    </UnitTestResult>
    <UnitTestResult executionId="786e586d-da67-4eae-9213-bcc1fd64c77e" testId="ab9b4e93-05ac-019a-7b99-d9d46c245f94" testName="saque45retorna2Nota20E1Nota5" computerName="MGA-NODA" duration="00:00:00.0001704" startTime="2013-08-29T20:48:29.7938684-03:00" endTime="2013-08-29T20:48:29.7958686-03:00" testType="13cdc9d9-ddb5-4fa4-a97d-d965ccfc6d4b" outcome="Passed" testListId="8c84fa94-04c1-424b-9868-57a2d4851a1d" relativeResultsDirectory="786e586d-da67-4eae-9213-bcc1fd64c77e">
    </UnitTestResult>
    <UnitTestResult executionId="c084f84b-ffbe-496a-bd49-5399667f71b4" testId="c92d6d82-b7c8-8c54-c07b-b9d0383e981c" testName="saque422" computerName="MGA-NODA" duration="00:00:00.0001791" startTime="2013-08-29T20:48:29.7958686-03:00" endTime="2013-08-29T20:48:29.7978688-03:00" testType="13cdc9d9-ddb5-4fa4-a97d-d965ccfc6d4b" outcome="Passed" testListId="8c84fa94-04c1-424b-9868-57a2d4851a1d" relativeResultsDirectory="c084f84b-ffbe-496a-bd49-5399667f71b4">
    </UnitTestResult>
    <UnitTestResult executionId="106376bf-858c-46d2-b710-12dfd4941558" testId="f2901349-0bc0-781e-978f-4e8dfa116aaa" testName="saque30retorna1Nota20E1Nota10" computerName="MGA-NODA" duration="00:00:00.0001671" startTime="2013-08-29T20:48:29.7978688-03:00" endTime="2013-08-29T20:48:29.7998690-03:00" testType="13cdc9d9-ddb5-4fa4-a97d-d965ccfc6d4b" outcome="Passed" testListId="8c84fa94-04c1-424b-9868-57a2d4851a1d" relativeResultsDirectory="106376bf-858c-46d2-b710-12dfd4941558">
    </UnitTestResult>
  </Results>
</TestRun>