<?xml version="1.0" encoding="UTF-8"?>
<TestRun id="343ededa-dac8-4f18-9c2c-dc95addb3e8c" name="fabricio.noda@MGA-NODA 2013-08-29 20:27:10" runUser="BENNER\fabricio.noda" xmlns="http://microsoft.com/schemas/VisualStudio/TeamTest/2010">
  <TestSettings name="Local" id="856062cb-b0a4-493e-8a3d-c547d0aec54d">
    <Description>These are default test settings for a local test run.</Description>
    <Deployment enabled="false" runDeploymentRoot="fabricio.noda_MGA-NODA 2013-08-29 20_27_10">
      <DeploymentItem filename="C:\projetos-inov\MonitorSMS\Dojo-20130829\Dojo-20130829\bin\Debug\Dojo-20130829.exe" />
    </Deployment>
    <Execution>
      <TestTypeSpecific />
      <AgentRule name="Execution Agents">
      </AgentRule>
    </Execution>
  </TestSettings>
  <Times creation="2013-08-29T20:27:10.3595581-03:00" queuing="2013-08-29T20:27:10.4005581-03:00" start="2013-08-29T20:27:10.4045581-03:00" finish="2013-08-29T20:27:10.5575581-03:00" />
  <ResultSummary outcome="Completed">
    <Counters total="5" executed="5" passed="5" error="0" failed="0" timeout="0" aborted="0" inconclusive="0" passedButRunAborted="0" notRunnable="0" notExecuted="0" disconnected="0" warning="0" completed="0" inProgress="0" pending="0" />
  </ResultSummary>
  <TestDefinitions>
    <UnitTest name="saque112" storage="c:\projetos-inov\monitorsms\dojo-20130829\dojotest\bin\debug\dojotest.dll" id="0c515bf2-cacb-b50a-9e88-241819e6260b">
      <Execution id="9011df99-8c12-4c3f-bb85-df34696d0004" />
      <TestMethod codeBase="C:/projetos-inov/MonitorSMS/Dojo-20130829/DojoTest/bin/Debug/DojoTest.DLL" adapterTypeName="Microsoft.VisualStudio.TestTools.TestTypes.Unit.UnitTestAdapter, Microsoft.VisualStudio.QualityTools.Tips.UnitTest.Adapter, Version=10.0.0.0, Culture=neutral, PublicKeyToken=b03f5f7f11d50a3a" className="DojoTest.ProgramTest, DojoTest, Version=1.0.0.0, Culture=neutral, PublicKeyToken=null" name="saque112" />
    </UnitTest>
    <UnitTest name="saque10retorna10" storage="c:\projetos-inov\monitorsms\dojo-20130829\dojotest\bin\debug\dojotest.dll" id="a8b3812e-5983-9ea9-c9b6-09fd99966ce5">
      <Execution id="2d99f655-86b5-45ae-b902-b9d5a3e25a58" />
      <TestMethod codeBase="C:/projetos-inov/MonitorSMS/Dojo-20130829/DojoTest/bin/Debug/DojoTest.DLL" adapterTypeName="Microsoft.VisualStudio.TestTools.TestTypes.Unit.UnitTestAdapter, Microsoft.VisualStudio.QualityTools.Tips.UnitTest.Adapter, Version=10.0.0.0, Culture=neutral, PublicKeyToken=b03f5f7f11d50a3a" className="DojoTest.ProgramTest, DojoTest, Version=1.0.0.0, Culture=neutral, PublicKeyToken=null" name="saque10retorna10" />
    </UnitTest>
    <UnitTest name="saque45retorna2Nota20E1Nota5" storage="c:\projetos-inov\monitorsms\dojo-20130829\dojotest\bin\debug\dojotest.dll" id="ab9b4e93-05ac-019a-7b99-d9d46c245f94">
      <Execution id="cd97bba5-fd79-48eb-ac9f-1d35ef556c8a" />
      <TestMethod codeBase="C:/projetos-inov/MonitorSMS/Dojo-20130829/DojoTest/bin/Debug/DojoTest.DLL" adapterTypeName="Microsoft.VisualStudio.TestTools.TestTypes.Unit.UnitTestAdapter, Microsoft.VisualStudio.QualityTools.Tips.UnitTest.Adapter, Version=10.0.0.0, Culture=neutral, PublicKeyToken=b03f5f7f11d50a3a" className="DojoTest.ProgramTest, DojoTest, Version=1.0.0.0, Culture=neutral, PublicKeyToken=null" name="saque45retorna2Nota20E1Nota5" />
    </UnitTest>
    <UnitTest name="saque30retorna1Nota20E1Nota10" storage="c:\projetos-inov\monitorsms\dojo-20130829\dojotest\bin\debug\dojotest.dll" id="f2901349-0bc0-781e-978f-4e8dfa116aaa">
      <Execution id="bcd2a1d5-dbe5-415b-94b3-0a00e4729bbe" />
      <TestMethod codeBase="C:/projetos-inov/MonitorSMS/Dojo-20130829/DojoTest/bin/Debug/DojoTest.DLL" adapterTypeName="Microsoft.VisualStudio.TestTools.TestTypes.Unit.UnitTestAdapter, Microsoft.VisualStudio.QualityTools.Tips.UnitTest.Adapter, Version=10.0.0.0, Culture=neutral, PublicKeyToken=b03f5f7f11d50a3a" className="DojoTest.ProgramTest, DojoTest, Version=1.0.0.0, Culture=neutral, PublicKeyToken=null" name="saque30retorna1Nota20E1Nota10" />
    </UnitTest>
    <UnitTest name="saque422" storage="c:\projetos-inov\monitorsms\dojo-20130829\dojotest\bin\debug\dojotest.dll" id="c92d6d82-b7c8-8c54-c07b-b9d0383e981c">
      <Execution id="f0554c96-0140-48f0-9373-142ea0dfe3dd" />
      <TestMethod codeBase="C:/projetos-inov/MonitorSMS/Dojo-20130829/DojoTest/bin/Debug/DojoTest.DLL" adapterTypeName="Microsoft.VisualStudio.TestTools.TestTypes.Unit.UnitTestAdapter, Microsoft.VisualStudio.QualityTools.Tips.UnitTest.Adapter, Version=10.0.0.0, Culture=neutral, PublicKeyToken=b03f5f7f11d50a3a" className="DojoTest.ProgramTest, DojoTest, Version=1.0.0.0, Culture=neutral, PublicKeyToken=null" name="saque422" />
    </UnitTest>
  </TestDefinitions>
  <TestLists>
    <TestList name="Results Not in a List" id="8c84fa94-04c1-424b-9868-57a2d4851a1d" />
    <TestList name="All Loaded Results" id="19431567-8539-422a-85d7-44ee4e166bda" />
  </TestLists>
  <TestEntries>
    <TestEntry testId="0c515bf2-cacb-b50a-9e88-241819e6260b" executionId="9011df99-8c12-4c3f-bb85-df34696d0004" testListId="8c84fa94-04c1-424b-9868-57a2d4851a1d" />
    <TestEntry testId="a8b3812e-5983-9ea9-c9b6-09fd99966ce5" executionId="2d99f655-86b5-45ae-b902-b9d5a3e25a58" testListId="8c84fa94-04c1-424b-9868-57a2d4851a1d" />
    <TestEntry testId="ab9b4e93-05ac-019a-7b99-d9d46c245f94" executionId="cd97bba5-fd79-48eb-ac9f-1d35ef556c8a" testListId="8c84fa94-04c1-424b-9868-57a2d4851a1d" />
    <TestEntry testId="c92d6d82-b7c8-8c54-c07b-b9d0383e981c" executionId="f0554c96-0140-48f0-9373-142ea0dfe3dd" testListId="8c84fa94-04c1-424b-9868-57a2d4851a1d" />
    <TestEntry testId="f2901349-0bc0-781e-978f-4e8dfa116aaa" executionId="bcd2a1d5-dbe5-415b-94b3-0a00e4729bbe" testListId="8c84fa94-04c1-424b-9868-57a2d4851a1d" />
  </TestEntries>
  <Results>
    <UnitTestResult executionId="9011df99-8c12-4c3f-bb85-df34696d0004" testId="0c515bf2-cacb-b50a-9e88-241819e6260b" testName="saque112" computerName="MGA-NODA" duration="00:00:00.0115707" startTime="2013-08-29T20:27:10.4065581-03:00" endTime="2013-08-29T20:27:10.5395581-03:00" testType="13cdc9d9-ddb5-4fa4-a97d-d965ccfc6d4b" outcome="Passed" testListId="8c84fa94-04c1-424b-9868-57a2d4851a1d" relativeResultsDirectory="9011df99-8c12-4c3f-bb85-df34696d0004">
    </UnitTestResult>
    <UnitTestResult executionId="2d99f655-86b5-45ae-b902-b9d5a3e25a58" testId="a8b3812e-5983-9ea9-c9b6-09fd99966ce5" testName="saque10retorna10" computerName="MGA-NODA" duration="00:00:00.0001754" startTime="2013-08-29T20:27:10.5405581-03:00" endTime="2013-08-29T20:27:10.5415581-03:00" testType="13cdc9d9-ddb5-4fa4-a97d-d965ccfc6d4b" outcome="Passed" testListId="8c84fa94-04c1-424b-9868-57a2d4851a1d" relativeResultsDirectory="2d99f655-86b5-45ae-b902-b9d5a3e25a58">
    </UnitTestResult>
    <UnitTestResult executionId="cd97bba5-fd79-48eb-ac9f-1d35ef556c8a" testId="ab9b4e93-05ac-019a-7b99-d9d46c245f94" testName="saque45retorna2Nota20E1Nota5" computerName="MGA-NODA" duration="00:00:00.0001748" startTime="2013-08-29T20:27:10.5425581-03:00" endTime="2013-08-29T20:27:10.5445581-03:00" testType="13cdc9d9-ddb5-4fa4-a97d-d965ccfc6d4b" outcome="Passed" testListId="8c84fa94-04c1-424b-9868-57a2d4851a1d" relativeResultsDirectory="cd97bba5-fd79-48eb-ac9f-1d35ef556c8a">
    </UnitTestResult>
    <UnitTestResult executionId="f0554c96-0140-48f0-9373-142ea0dfe3dd" testId="c92d6d82-b7c8-8c54-c07b-b9d0383e981c" testName="saque422" computerName="MGA-NODA" duration="00:00:00.0001847" startTime="2013-08-29T20:27:10.5445581-03:00" endTime="2013-08-29T20:27:10.5465581-03:00" testType="13cdc9d9-ddb5-4fa4-a97d-d965ccfc6d4b" outcome="Passed" testListId="8c84fa94-04c1-424b-9868-57a2d4851a1d" relativeResultsDirectory="f0554c96-0140-48f0-9373-142ea0dfe3dd">
    </UnitTestResult>
    <UnitTestResult executionId="bcd2a1d5-dbe5-415b-94b3-0a00e4729bbe" testId="f2901349-0bc0-781e-978f-4e8dfa116aaa" testName="saque30retorna1Nota20E1Nota10" computerName="MGA-NODA" duration="00:00:00.0001738" startTime="2013-08-29T20:27:10.5465581-03:00" endTime="2013-08-29T20:27:10.5485581-03:00" testType="13cdc9d9-ddb5-4fa4-a97d-d965ccfc6d4b" outcome="Passed" testListId="8c84fa94-04c1-424b-9868-57a2d4851a1d" relativeResultsDirectory="bcd2a1d5-dbe5-415b-94b3-0a00e4729bbe">
    </UnitTestResult>
  </Results>
</TestRun>