<?xml version="1.0" encoding="UTF-8"?>
<TestRun id="d6f8b9d1-28bf-4bd4-9481-48f144626072" name="fabricio.noda@MGA-NODA 2013-08-29 20:49:50" runUser="BENNER\fabricio.noda" xmlns="http://microsoft.com/schemas/VisualStudio/TeamTest/2010">
  <TestSettings name="Local" id="856062cb-b0a4-493e-8a3d-c547d0aec54d">
    <Description>These are default test settings for a local test run.</Description>
    <Deployment enabled="false" runDeploymentRoot="fabricio.noda_MGA-NODA 2013-08-29 20_49_50">
      <DeploymentItem filename="C:\projetos-inov\MonitorSMS\Dojo-20130829\Dojo-20130829\bin\Debug\Dojo-20130829.exe" />
    </Deployment>
    <Execution>
      <TestTypeSpecific />
      <AgentRule name="Execution Agents">
      </AgentRule>
    </Execution>
  </TestSettings>
  <Times creation="2013-08-29T20:49:50.7879670-03:00" queuing="2013-08-29T20:49:50.8649747-03:00" start="2013-08-29T20:49:50.8689751-03:00" finish="2013-08-29T20:49:51.0289911-03:00" />
  <ResultSummary outcome="Completed">
    <Counters total="6" executed="6" passed="6" error="0" failed="0" timeout="0" aborted="0" inconclusive="0" passedButRunAborted="0" notRunnable="0" notExecuted="0" disconnected="0" warning="0" completed="0" inProgress="0" pending="0" />
  </ResultSummary>
  <TestDefinitions>
    <UnitTest name="saque422" storage="c:\projetos-inov\monitorsms\dojo-20130829\dojotest\bin\debug\dojotest.dll" id="c92d6d82-b7c8-8c54-c07b-b9d0383e981c">
      <Execution id="039e3748-29a6-4188-b66a-890b3f1cc578" />
      <TestMethod codeBase="C:/projetos-inov/MonitorSMS/Dojo-20130829/DojoTest/bin/Debug/DojoTest.DLL" adapterTypeName="Microsoft.VisualStudio.TestTools.TestTypes.Unit.UnitTestAdapter, Microsoft.VisualStudio.QualityTools.Tips.UnitTest.Adapter, Version=10.0.0.0, Culture=neutral, PublicKeyToken=b03f5f7f11d50a3a" className="DojoTest.ProgramTest, DojoTest, Version=1.0.0.0, Culture=neutral, PublicKeyToken=null" name="saque422" />
    </UnitTest>
    <UnitTest name="saque13" storage="c:\projetos-inov\monitorsms\dojo-20130829\dojotest\bin\debug\dojotest.dll" id="9bc62e9b-4fb0-b777-da67-ff1e8a5b44a5">
      <Execution id="98271db1-a836-4f0a-bd7f-e078e11f7ce7" />
      <TestMethod codeBase="C:/projetos-inov/MonitorSMS/Dojo-20130829/DojoTest/bin/Debug/DojoTest.DLL" adapterTypeName="Microsoft.VisualStudio.TestTools.TestTypes.Unit.UnitTestAdapter, Microsoft.VisualStudio.QualityTools.Tips.UnitTest.Adapter, Version=10.0.0.0, Culture=neutral, PublicKeyToken=b03f5f7f11d50a3a" className="DojoTest.ProgramTest, DojoTest, Version=1.0.0.0, Culture=neutral, PublicKeyToken=null" name="saque13" />
    </UnitTest>
    <UnitTest name="saque10retorna10" storage="c:\projetos-inov\monitorsms\dojo-20130829\dojotest\bin\debug\dojotest.dll" id="a8b3812e-5983-9ea9-c9b6-09fd99966ce5">
      <Execution id="98e6a360-de24-41fb-9022-d322fbd2e909" />
      <TestMethod codeBase="C:/projetos-inov/MonitorSMS/Dojo-20130829/DojoTest/bin/Debug/DojoTest.DLL" adapterTypeName="Microsoft.VisualStudio.TestTools.TestTypes.Unit.UnitTestAdapter, Microsoft.VisualStudio.QualityTools.Tips.UnitTest.Adapter, Version=10.0.0.0, Culture=neutral, PublicKeyToken=b03f5f7f11d50a3a" className="DojoTest.ProgramTest, DojoTest, Version=1.0.0.0, Culture=neutral, PublicKeyToken=null" name="saque10retorna10" />
    </UnitTest>
    <UnitTest name="saque30retorna1Nota20E1Nota10" storage="c:\projetos-inov\monitorsms\dojo-20130829\dojotest\bin\debug\dojotest.dll" id="f2901349-0bc0-781e-978f-4e8dfa116aaa">
      <Execution id="9affa360-850a-49c2-866a-1e13ac31db23" />
      <TestMethod codeBase="C:/projetos-inov/MonitorSMS/Dojo-20130829/DojoTest/bin/Debug/DojoTest.DLL" adapterTypeName="Microsoft.VisualStudio.TestTools.TestTypes.Unit.UnitTestAdapter, Microsoft.VisualStudio.QualityTools.Tips.UnitTest.Adapter, Version=10.0.0.0, Culture=neutral, PublicKeyToken=b03f5f7f11d50a3a" className="DojoTest.ProgramTest, DojoTest, Version=1.0.0.0, Culture=neutral, PublicKeyToken=null" name="saque30retorna1Nota20E1Nota10" />
    </UnitTest>
    <UnitTest name="saque45retorna2Nota20E1Nota5" storage="c:\projetos-inov\monitorsms\dojo-20130829\dojotest\bin\debug\dojotest.dll" id="ab9b4e93-05ac-019a-7b99-d9d46c245f94">
      <Execution id="949cc17a-b412-43f5-98a7-4b76b2adf214" />
      <TestMethod codeBase="C:/projetos-inov/MonitorSMS/Dojo-20130829/DojoTest/bin/Debug/DojoTest.DLL" adapterTypeName="Microsoft.VisualStudio.TestTools.TestTypes.Unit.UnitTestAdapter, Microsoft.VisualStudio.QualityTools.Tips.UnitTest.Adapter, Version=10.0.0.0, Culture=neutral, PublicKeyToken=b03f5f7f11d50a3a" className="DojoTest.ProgramTest, DojoTest, Version=1.0.0.0, Culture=neutral, PublicKeyToken=null" name="saque45retorna2Nota20E1Nota5" />
    </UnitTest>
    <UnitTest name="saque112" storage="c:\projetos-inov\monitorsms\dojo-20130829\dojotest\bin\debug\dojotest.dll" id="0c515bf2-cacb-b50a-9e88-241819e6260b">
      <Execution id="ab9c7762-6174-4000-9f0b-90556026625c" />
      <TestMethod codeBase="C:/projetos-inov/MonitorSMS/Dojo-20130829/DojoTest/bin/Debug/DojoTest.DLL" adapterTypeName="Microsoft.VisualStudio.TestTools.TestTypes.Unit.UnitTestAdapter, Microsoft.VisualStudio.QualityTools.Tips.UnitTest.Adapter, Version=10.0.0.0, Culture=neutral, PublicKeyToken=b03f5f7f11d50a3a" className="DojoTest.ProgramTest, DojoTest, Version=1.0.0.0, Culture=neutral, PublicKeyToken=null" name="saque112" />
    </UnitTest>
  </TestDefinitions>
  <TestLists>
    <TestList name="Results Not in a List" id="8c84fa94-04c1-424b-9868-57a2d4851a1d" />
    <TestList name="All Loaded Results" id="19431567-8539-422a-85d7-44ee4e166bda" />
  </TestLists>
  <TestEntries>
    <TestEntry testId="0c515bf2-cacb-b50a-9e88-241819e6260b" executionId="ab9c7762-6174-4000-9f0b-90556026625c" testListId="8c84fa94-04c1-424b-9868-57a2d4851a1d" />
    <TestEntry testId="9bc62e9b-4fb0-b777-da67-ff1e8a5b44a5" executionId="98271db1-a836-4f0a-bd7f-e078e11f7ce7" testListId="8c84fa94-04c1-424b-9868-57a2d4851a1d" />
    <TestEntry testId="a8b3812e-5983-9ea9-c9b6-09fd99966ce5" executionId="98e6a360-de24-41fb-9022-d322fbd2e909" testListId="8c84fa94-04c1-424b-9868-57a2d4851a1d" />
    <TestEntry testId="ab9b4e93-05ac-019a-7b99-d9d46c245f94" executionId="949cc17a-b412-43f5-98a7-4b76b2adf214" testListId="8c84fa94-04c1-424b-9868-57a2d4851a1d" />
    <TestEntry testId="c92d6d82-b7c8-8c54-c07b-b9d0383e981c" executionId="039e3748-29a6-4188-b66a-890b3f1cc578" testListId="8c84fa94-04c1-424b-9868-57a2d4851a1d" />
    <TestEntry testId="f2901349-0bc0-781e-978f-4e8dfa116aaa" executionId="9affa360-850a-49c2-866a-1e13ac31db23" testListId="8c84fa94-04c1-424b-9868-57a2d4851a1d" />
  </TestEntries>
  <Results>
    <UnitTestResult executionId="ab9c7762-6174-4000-9f0b-90556026625c" testId="0c515bf2-cacb-b50a-9e88-241819e6260b" testName="saque112" computerName="MGA-NODA" duration="00:00:00.0120144" startTime="2013-08-29T20:49:50.8699752-03:00" endTime="2013-08-29T20:49:51.0039886-03:00" testType="13cdc9d9-ddb5-4fa4-a97d-d965ccfc6d4b" outcome="Passed" testListId="8c84fa94-04c1-424b-9868-57a2d4851a1d" relativeResultsDirectory="ab9c7762-6174-4000-9f0b-90556026625c">
    </UnitTestResult>
    <UnitTestResult executionId="98271db1-a836-4f0a-bd7f-e078e11f7ce7" testId="9bc62e9b-4fb0-b777-da67-ff1e8a5b44a5" testName="saque13" computerName="MGA-NODA" duration="00:00:00.0003380" startTime="2013-08-29T20:49:51.0049887-03:00" endTime="2013-08-29T20:49:51.0069889-03:00" testType="13cdc9d9-ddb5-4fa4-a97d-d965ccfc6d4b" outcome="Passed" testListId="8c84fa94-04c1-424b-9868-57a2d4851a1d" relativeResultsDirectory="98271db1-a836-4f0a-bd7f-e078e11f7ce7">
    </UnitTestResult>
    <UnitTestResult executionId="98e6a360-de24-41fb-9022-d322fbd2e909" testId="a8b3812e-5983-9ea9-c9b6-09fd99966ce5" testName="saque10retorna10" computerName="MGA-NODA" duration="00:00:00.0001675" startTime="2013-08-29T20:49:51.0069889-03:00" endTime="2013-08-29T20:49:51.0089891-03:00" testType="13cdc9d9-ddb5-4fa4-a97d-d965ccfc6d4b" outcome="Passed" testListId="8c84fa94-04c1-424b-9868-57a2d4851a1d" relativeResultsDirectory="98e6a360-de24-41fb-9022-d322fbd2e909">
    </UnitTestResult>
    <UnitTestResult executionId="949cc17a-b412-43f5-98a7-4b76b2adf214" testId="ab9b4e93-05ac-019a-7b99-d9d46c245f94" testName="saque45retorna2Nota20E1Nota5" computerName="MGA-NODA" duration="00:00:00.0001804" startTime="2013-08-29T20:49:51.0089891-03:00" endTime="2013-08-29T20:49:51.0109893-03:00" testType="13cdc9d9-ddb5-4fa4-a97d-d965ccfc6d4b" outcome="Passed" testListId="8c84fa94-04c1-424b-9868-57a2d4851a1d" relativeResultsDirectory="949cc17a-b412-43f5-98a7-4b76b2adf214">
    </UnitTestResult>
    <UnitTestResult executionId="039e3748-29a6-4188-b66a-890b3f1cc578" testId="c92d6d82-b7c8-8c54-c07b-b9d0383e981c" testName="saque422" computerName="MGA-NODA" duration="00:00:00.0001893" startTime="2013-08-29T20:49:51.0119894-03:00" endTime="2013-08-29T20:49:51.0129895-03:00" testType="13cdc9d9-ddb5-4fa4-a97d-d965ccfc6d4b" outcome="Passed" testListId="8c84fa94-04c1-424b-9868-57a2d4851a1d" relativeResultsDirectory="039e3748-29a6-4188-b66a-890b3f1cc578">
    </UnitTestResult>
    <UnitTestResult executionId="9affa360-850a-49c2-866a-1e13ac31db23" testId="f2901349-0bc0-781e-978f-4e8dfa116aaa" testName="saque30retorna1Nota20E1Nota10" computerName="MGA-NODA" duration="00:00:00.0001774" startTime="2013-08-29T20:49:51.0139896-03:00" endTime="2013-08-29T20:49:51.0159898-03:00" testType="13cdc9d9-ddb5-4fa4-a97d-d965ccfc6d4b" outcome="Passed" testListId="8c84fa94-04c1-424b-9868-57a2d4851a1d" relativeResultsDirectory="9affa360-850a-49c2-866a-1e13ac31db23">
    </UnitTestResult>
  </Results>
</TestRun>