<?xml version="1.0" encoding="UTF-8"?>
<TestRun id="48350563-4cd5-4f4f-a17c-af82091465cb" name="fabricio.noda@MGA-NODA 2013-08-29 20:23:31" runUser="BENNER\fabricio.noda" xmlns="http://microsoft.com/schemas/VisualStudio/TeamTest/2010">
  <TestSettings name="Local" id="856062cb-b0a4-493e-8a3d-c547d0aec54d">
    <Description>These are default test settings for a local test run.</Description>
    <Deployment enabled="false" runDeploymentRoot="fabricio.noda_MGA-NODA 2013-08-29 20_23_31">
      <DeploymentItem filename="C:\projetos-inov\MonitorSMS\Dojo-20130829\Dojo-20130829\bin\Debug\Dojo-20130829.exe" />
    </Deployment>
    <Execution>
      <TestTypeSpecific />
      <AgentRule name="Execution Agents">
      </AgentRule>
    </Execution>
  </TestSettings>
  <Times creation="2013-08-29T20:23:31.4755581-03:00" queuing="2013-08-29T20:23:31.5365581-03:00" start="2013-08-29T20:23:31.5405581-03:00" finish="2013-08-29T20:23:31.6845581-03:00" />
  <ResultSummary outcome="Completed">
    <Counters total="1" executed="1" passed="1" error="0" failed="0" timeout="0" aborted="0" inconclusive="0" passedButRunAborted="0" notRunnable="0" notExecuted="0" disconnected="0" warning="0" completed="0" inProgress="0" pending="0" />
  </ResultSummary>
  <TestDefinitions>
    <UnitTest name="saque112" storage="c:\projetos-inov\monitorsms\dojo-20130829\dojotest\bin\debug\dojotest.dll" id="0c515bf2-cacb-b50a-9e88-241819e6260b">
      <Execution id="747bf1df-9bad-4442-a90d-3ca296563df9" />
      <TestMethod codeBase="C:/projetos-inov/MonitorSMS/Dojo-20130829/DojoTest/bin/Debug/DojoTest.DLL" adapterTypeName="Microsoft.VisualStudio.TestTools.TestTypes.Unit.UnitTestAdapter, Microsoft.VisualStudio.QualityTools.Tips.UnitTest.Adapter, Version=10.0.0.0, Culture=neutral, PublicKeyToken=b03f5f7f11d50a3a" className="DojoTest.ProgramTest, DojoTest, Version=1.0.0.0, Culture=neutral, PublicKeyToken=null" name="saque112" />
    </UnitTest>
  </TestDefinitions>
  <TestLists>
    <TestList name="Results Not in a List" id="8c84fa94-04c1-424b-9868-57a2d4851a1d" />
    <TestList name="All Loaded Results" id="19431567-8539-422a-85d7-44ee4e166bda" />
  </TestLists>
  <TestEntries>
    <TestEntry testId="0c515bf2-cacb-b50a-9e88-241819e6260b" executionId="747bf1df-9bad-4442-a90d-3ca296563df9" testListId="8c84fa94-04c1-424b-9868-57a2d4851a1d" />
  </TestEntries>
  <Results>
    <UnitTestResult executionId="747bf1df-9bad-4442-a90d-3ca296563df9" testId="0c515bf2-cacb-b50a-9e88-241819e6260b" testName="saque112" computerName="MGA-NODA" duration="00:00:00.0118402" startTime="2013-08-29T20:23:31.5415581-03:00" endTime="2013-08-29T20:23:31.6755581-03:00" testType="13cdc9d9-ddb5-4fa4-a97d-d965ccfc6d4b" outcome="Passed" testListId="8c84fa94-04c1-424b-9868-57a2d4851a1d" relativeResultsDirectory="747bf1df-9bad-4442-a90d-3ca296563df9">
    </UnitTestResult>
  </Results>
</TestRun>