<?xml version="1.0" encoding="UTF-8"?>
<TestRun id="557324a4-793b-40b3-a16c-b2f9c860feca" name="fabricio.noda@MGA-NODA 2013-08-29 20:49:31" runUser="BENNER\fabricio.noda" xmlns="http://microsoft.com/schemas/VisualStudio/TeamTest/2010">
  <TestSettings name="Local" id="856062cb-b0a4-493e-8a3d-c547d0aec54d">
    <Description>These are default test settings for a local test run.</Description>
    <Deployment enabled="false" runDeploymentRoot="fabricio.noda_MGA-NODA 2013-08-29 20_49_31">
      <DeploymentItem filename="C:\projetos-inov\MonitorSMS\Dojo-20130829\Dojo-20130829\bin\Debug\Dojo-20130829.exe" />
    </Deployment>
    <Execution>
      <TestTypeSpecific />
      <AgentRule name="Execution Agents">
      </AgentRule>
    </Execution>
  </TestSettings>
  <Times creation="2013-08-29T20:49:31.3480232-03:00" queuing="2013-08-29T20:49:31.4080292-03:00" start="2013-08-29T20:49:31.4120296-03:00" finish="2013-08-29T20:49:31.5880472-03:00" />
  <ResultSummary outcome="Failed">
    <Counters total="6" executed="6" passed="5" error="0" failed="1" timeout="0" aborted="0" inconclusive="0" passedButRunAborted="0" notRunnable="0" notExecuted="0" disconnected="0" warning="0" completed="0" inProgress="0" pending="0" />
  </ResultSummary>
  <TestDefinitions>
    <UnitTest name="saque422" storage="c:\projetos-inov\monitorsms\dojo-20130829\dojotest\bin\debug\dojotest.dll" id="c92d6d82-b7c8-8c54-c07b-b9d0383e981c">
      <Execution id="88e55459-2e58-4024-a4ce-2f3e97604316" />
      <TestMethod codeBase="C:/projetos-inov/MonitorSMS/Dojo-20130829/DojoTest/bin/Debug/DojoTest.DLL" adapterTypeName="Microsoft.VisualStudio.TestTools.TestTypes.Unit.UnitTestAdapter, Microsoft.VisualStudio.QualityTools.Tips.UnitTest.Adapter, Version=10.0.0.0, Culture=neutral, PublicKeyToken=b03f5f7f11d50a3a" className="DojoTest.ProgramTest, DojoTest, Version=1.0.0.0, Culture=neutral, PublicKeyToken=null" name="saque422" />
    </UnitTest>
    <UnitTest name="saque13" storage="c:\projetos-inov\monitorsms\dojo-20130829\dojotest\bin\debug\dojotest.dll" id="9bc62e9b-4fb0-b777-da67-ff1e8a5b44a5">
      <Execution id="b7eea732-aa9e-4dbd-926f-e2951ef8e076" />
      <TestMethod codeBase="C:/projetos-inov/MonitorSMS/Dojo-20130829/DojoTest/bin/Debug/DojoTest.DLL" adapterTypeName="Microsoft.VisualStudio.TestTools.TestTypes.Unit.UnitTestAdapter, Microsoft.VisualStudio.QualityTools.Tips.UnitTest.Adapter, Version=10.0.0.0, Culture=neutral, PublicKeyToken=b03f5f7f11d50a3a" className="DojoTest.ProgramTest, DojoTest, Version=1.0.0.0, Culture=neutral, PublicKeyToken=null" name="saque13" />
    </UnitTest>
    <UnitTest name="saque10retorna10" storage="c:\projetos-inov\monitorsms\dojo-20130829\dojotest\bin\debug\dojotest.dll" id="a8b3812e-5983-9ea9-c9b6-09fd99966ce5">
      <Execution id="b01ed250-5be1-4ea9-aae7-3cb940bcaacc" />
      <TestMethod codeBase="C:/projetos-inov/MonitorSMS/Dojo-20130829/DojoTest/bin/Debug/DojoTest.DLL" adapterTypeName="Microsoft.VisualStudio.TestTools.TestTypes.Unit.UnitTestAdapter, Microsoft.VisualStudio.QualityTools.Tips.UnitTest.Adapter, Version=10.0.0.0, Culture=neutral, PublicKeyToken=b03f5f7f11d50a3a" className="DojoTest.ProgramTest, DojoTest, Version=1.0.0.0, Culture=neutral, PublicKeyToken=null" name="saque10retorna10" />
    </UnitTest>
    <UnitTest name="saque30retorna1Nota20E1Nota10" storage="c:\projetos-inov\monitorsms\dojo-20130829\dojotest\bin\debug\dojotest.dll" id="f2901349-0bc0-781e-978f-4e8dfa116aaa">
      <Execution id="da6cab4f-118b-4744-9cc0-fc19d959eb5e" />
      <TestMethod codeBase="C:/projetos-inov/MonitorSMS/Dojo-20130829/DojoTest/bin/Debug/DojoTest.DLL" adapterTypeName="Microsoft.VisualStudio.TestTools.TestTypes.Unit.UnitTestAdapter, Microsoft.VisualStudio.QualityTools.Tips.UnitTest.Adapter, Version=10.0.0.0, Culture=neutral, PublicKeyToken=b03f5f7f11d50a3a" className="DojoTest.ProgramTest, DojoTest, Version=1.0.0.0, Culture=neutral, PublicKeyToken=null" name="saque30retorna1Nota20E1Nota10" />
    </UnitTest>
    <UnitTest name="saque45retorna2Nota20E1Nota5" storage="c:\projetos-inov\monitorsms\dojo-20130829\dojotest\bin\debug\dojotest.dll" id="ab9b4e93-05ac-019a-7b99-d9d46c245f94">
      <Execution id="d2c971e4-c336-4e7a-9af9-1aa3a4d1e5ff" />
      <TestMethod codeBase="C:/projetos-inov/MonitorSMS/Dojo-20130829/DojoTest/bin/Debug/DojoTest.DLL" adapterTypeName="Microsoft.VisualStudio.TestTools.TestTypes.Unit.UnitTestAdapter, Microsoft.VisualStudio.QualityTools.Tips.UnitTest.Adapter, Version=10.0.0.0, Culture=neutral, PublicKeyToken=b03f5f7f11d50a3a" className="DojoTest.ProgramTest, DojoTest, Version=1.0.0.0, Culture=neutral, PublicKeyToken=null" name="saque45retorna2Nota20E1Nota5" />
    </UnitTest>
    <UnitTest name="saque112" storage="c:\projetos-inov\monitorsms\dojo-20130829\dojotest\bin\debug\dojotest.dll" id="0c515bf2-cacb-b50a-9e88-241819e6260b">
      <Execution id="e88d9fba-c5d5-4882-8b02-0b537cc07e44" />
      <TestMethod codeBase="C:/projetos-inov/MonitorSMS/Dojo-20130829/DojoTest/bin/Debug/DojoTest.DLL" adapterTypeName="Microsoft.VisualStudio.TestTools.TestTypes.Unit.UnitTestAdapter, Microsoft.VisualStudio.QualityTools.Tips.UnitTest.Adapter, Version=10.0.0.0, Culture=neutral, PublicKeyToken=b03f5f7f11d50a3a" className="DojoTest.ProgramTest, DojoTest, Version=1.0.0.0, Culture=neutral, PublicKeyToken=null" name="saque112" />
    </UnitTest>
  </TestDefinitions>
  <TestLists>
    <TestList name="Results Not in a List" id="8c84fa94-04c1-424b-9868-57a2d4851a1d" />
    <TestList name="All Loaded Results" id="19431567-8539-422a-85d7-44ee4e166bda" />
  </TestLists>
  <TestEntries>
    <TestEntry testId="0c515bf2-cacb-b50a-9e88-241819e6260b" executionId="e88d9fba-c5d5-4882-8b02-0b537cc07e44" testListId="8c84fa94-04c1-424b-9868-57a2d4851a1d" />
    <TestEntry testId="9bc62e9b-4fb0-b777-da67-ff1e8a5b44a5" executionId="b7eea732-aa9e-4dbd-926f-e2951ef8e076" testListId="8c84fa94-04c1-424b-9868-57a2d4851a1d" />
    <TestEntry testId="a8b3812e-5983-9ea9-c9b6-09fd99966ce5" executionId="b01ed250-5be1-4ea9-aae7-3cb940bcaacc" testListId="8c84fa94-04c1-424b-9868-57a2d4851a1d" />
    <TestEntry testId="ab9b4e93-05ac-019a-7b99-d9d46c245f94" executionId="d2c971e4-c336-4e7a-9af9-1aa3a4d1e5ff" testListId="8c84fa94-04c1-424b-9868-57a2d4851a1d" />
    <TestEntry testId="c92d6d82-b7c8-8c54-c07b-b9d0383e981c" executionId="88e55459-2e58-4024-a4ce-2f3e97604316" testListId="8c84fa94-04c1-424b-9868-57a2d4851a1d" />
    <TestEntry testId="f2901349-0bc0-781e-978f-4e8dfa116aaa" executionId="da6cab4f-118b-4744-9cc0-fc19d959eb5e" testListId="8c84fa94-04c1-424b-9868-57a2d4851a1d" />
  </TestEntries>
  <Results>
    <UnitTestResult executionId="e88d9fba-c5d5-4882-8b02-0b537cc07e44" testId="0c515bf2-cacb-b50a-9e88-241819e6260b" testName="saque112" computerName="MGA-NODA" duration="00:00:00.0165996" startTime="2013-08-29T20:49:31.4130297-03:00" endTime="2013-08-29T20:49:31.5530437-03:00" testType="13cdc9d9-ddb5-4fa4-a97d-d965ccfc6d4b" outcome="Passed" testListId="8c84fa94-04c1-424b-9868-57a2d4851a1d" relativeResultsDirectory="e88d9fba-c5d5-4882-8b02-0b537cc07e44">
    </UnitTestResult>
    <UnitTestResult executionId="b7eea732-aa9e-4dbd-926f-e2951ef8e076" testId="9bc62e9b-4fb0-b777-da67-ff1e8a5b44a5" testName="saque13" computerName="MGA-NODA" duration="00:00:00.0152744" startTime="2013-08-29T20:49:31.5540438-03:00" endTime="2013-08-29T20:49:31.5710455-03:00" testType="13cdc9d9-ddb5-4fa4-a97d-d965ccfc6d4b" outcome="Failed" testListId="8c84fa94-04c1-424b-9868-57a2d4851a1d" relativeResultsDirectory="b7eea732-aa9e-4dbd-926f-e2951ef8e076">
      <Output>
        <ErrorInfo>
          <Message>Assert.AreEqual failed. Expected:&lt;Não é possível sacar o valor esperado.&gt;. Actual:&lt;Assert.Fail failed. &gt;. </Message>
          <StackTrace>   em DojoTest.ProgramTest.saque13() na C:\projetos-inov\MonitorSMS\Dojo-20130829\DojoTest\ProgramTest.cs:linha 139
</StackTrace>
        </ErrorInfo>
      </Output>
    </UnitTestResult>
    <UnitTestResult executionId="b01ed250-5be1-4ea9-aae7-3cb940bcaacc" testId="a8b3812e-5983-9ea9-c9b6-09fd99966ce5" testName="saque10retorna10" computerName="MGA-NODA" duration="00:00:00.0001767" startTime="2013-08-29T20:49:31.5710455-03:00" endTime="2013-08-29T20:49:31.5730457-03:00" testType="13cdc9d9-ddb5-4fa4-a97d-d965ccfc6d4b" outcome="Passed" testListId="8c84fa94-04c1-424b-9868-57a2d4851a1d" relativeResultsDirectory="b01ed250-5be1-4ea9-aae7-3cb940bcaacc">
    </UnitTestResult>
    <UnitTestResult executionId="d2c971e4-c336-4e7a-9af9-1aa3a4d1e5ff" testId="ab9b4e93-05ac-019a-7b99-d9d46c245f94" testName="saque45retorna2Nota20E1Nota5" computerName="MGA-NODA" duration="00:00:00.0001774" startTime="2013-08-29T20:49:31.5730457-03:00" endTime="2013-08-29T20:49:31.5750459-03:00" testType="13cdc9d9-ddb5-4fa4-a97d-d965ccfc6d4b" outcome="Passed" testListId="8c84fa94-04c1-424b-9868-57a2d4851a1d" relativeResultsDirectory="d2c971e4-c336-4e7a-9af9-1aa3a4d1e5ff">
    </UnitTestResult>
    <UnitTestResult executionId="88e55459-2e58-4024-a4ce-2f3e97604316" testId="c92d6d82-b7c8-8c54-c07b-b9d0383e981c" testName="saque422" computerName="MGA-NODA" duration="00:00:00.0001744" startTime="2013-08-29T20:49:31.5760460-03:00" endTime="2013-08-29T20:49:31.5770461-03:00" testType="13cdc9d9-ddb5-4fa4-a97d-d965ccfc6d4b" outcome="Passed" testListId="8c84fa94-04c1-424b-9868-57a2d4851a1d" relativeResultsDirectory="88e55459-2e58-4024-a4ce-2f3e97604316">
    </UnitTestResult>
    <UnitTestResult executionId="da6cab4f-118b-4744-9cc0-fc19d959eb5e" testId="f2901349-0bc0-781e-978f-4e8dfa116aaa" testName="saque30retorna1Nota20E1Nota10" computerName="MGA-NODA" duration="00:00:00.0001618" startTime="2013-08-29T20:49:31.5780462-03:00" endTime="2013-08-29T20:49:31.5790463-03:00" testType="13cdc9d9-ddb5-4fa4-a97d-d965ccfc6d4b" outcome="Passed" testListId="8c84fa94-04c1-424b-9868-57a2d4851a1d" relativeResultsDirectory="da6cab4f-118b-4744-9cc0-fc19d959eb5e">
    </UnitTestResult>
  </Results>
</TestRun>