<?xml version="1.0" encoding="UTF-8"?>
<TestRun id="ea111654-3767-4b24-99a1-da7d080e91d4" name="fabricio.noda@MGA-NODA 2013-08-29 20:19:46" runUser="BENNER\fabricio.noda" xmlns="http://microsoft.com/schemas/VisualStudio/TeamTest/2010">
  <TestSettings name="Local" id="856062cb-b0a4-493e-8a3d-c547d0aec54d">
    <Description>These are default test settings for a local test run.</Description>
    <Deployment enabled="false" runDeploymentRoot="fabricio.noda_MGA-NODA 2013-08-29 20_19_46">
      <DeploymentItem filename="C:\projetos-inov\MonitorSMS\Dojo-20130829\Dojo-20130829\bin\Debug\Dojo-20130829.exe" />
    </Deployment>
    <Execution>
      <TestTypeSpecific />
      <AgentRule name="Execution Agents">
      </AgentRule>
    </Execution>
  </TestSettings>
  <Times creation="2013-08-29T20:19:46.7672785-03:00" queuing="2013-08-29T20:19:46.8572875-03:00" start="2013-08-29T20:19:46.8612879-03:00" finish="2013-08-29T20:19:47.0053023-03:00" />
  <ResultSummary outcome="Completed">
    <Counters total="1" executed="1" passed="1" error="0" failed="0" timeout="0" aborted="0" inconclusive="0" passedButRunAborted="0" notRunnable="0" notExecuted="0" disconnected="0" warning="0" completed="0" inProgress="0" pending="0" />
  </ResultSummary>
  <TestDefinitions>
    <UnitTest name="saque45retorna2Nota20E1Nota5" storage="c:\projetos-inov\monitorsms\dojo-20130829\dojotest\bin\debug\dojotest.dll" id="ab9b4e93-05ac-019a-7b99-d9d46c245f94">
      <Execution id="48a98079-a542-4a3e-98a2-ae7e3f2a1e2c" />
      <TestMethod codeBase="C:/projetos-inov/MonitorSMS/Dojo-20130829/DojoTest/bin/Debug/DojoTest.DLL" adapterTypeName="Microsoft.VisualStudio.TestTools.TestTypes.Unit.UnitTestAdapter, Microsoft.VisualStudio.QualityTools.Tips.UnitTest.Adapter, Version=10.0.0.0, Culture=neutral, PublicKeyToken=b03f5f7f11d50a3a" className="DojoTest.ProgramTest, DojoTest, Version=1.0.0.0, Culture=neutral, PublicKeyToken=null" name="saque45retorna2Nota20E1Nota5" />
    </UnitTest>
  </TestDefinitions>
  <TestLists>
    <TestList name="Results Not in a List" id="8c84fa94-04c1-424b-9868-57a2d4851a1d" />
    <TestList name="All Loaded Results" id="19431567-8539-422a-85d7-44ee4e166bda" />
  </TestLists>
  <TestEntries>
    <TestEntry testId="ab9b4e93-05ac-019a-7b99-d9d46c245f94" executionId="48a98079-a542-4a3e-98a2-ae7e3f2a1e2c" testListId="8c84fa94-04c1-424b-9868-57a2d4851a1d" />
  </TestEntries>
  <Results>
    <UnitTestResult executionId="48a98079-a542-4a3e-98a2-ae7e3f2a1e2c" testId="ab9b4e93-05ac-019a-7b99-d9d46c245f94" testName="saque45retorna2Nota20E1Nota5" computerName="MGA-NODA" duration="00:00:00.0120190" startTime="2013-08-29T20:19:46.8622880-03:00" endTime="2013-08-29T20:19:46.9963014-03:00" testType="13cdc9d9-ddb5-4fa4-a97d-d965ccfc6d4b" outcome="Passed" testListId="8c84fa94-04c1-424b-9868-57a2d4851a1d" relativeResultsDirectory="48a98079-a542-4a3e-98a2-ae7e3f2a1e2c">
    </UnitTestResult>
  </Results>
</TestRun>