<?xml version="1.0" encoding="UTF-8"?>
<TestRun id="b0c6c7a3-cd94-4330-8f63-eb558099b165" name="fabricio.noda@MGA-NODA 2013-08-29 20:25:45" runUser="BENNER\fabricio.noda" xmlns="http://microsoft.com/schemas/VisualStudio/TeamTest/2010">
  <TestSettings name="Local" id="856062cb-b0a4-493e-8a3d-c547d0aec54d">
    <Description>These are default test settings for a local test run.</Description>
    <Deployment userDeploymentRoot="C:\projetos-inov\MonitorSMS\Dojo-20130829\TestResults" useDefaultDeploymentRoot="false" enabled="false" runDeploymentRoot="fabricio.noda_MGA-NODA 2013-08-29 20_25_45">
      <DeploymentItem filename="C:\projetos-inov\MonitorSMS\Dojo-20130829\Dojo-20130829\bin\Debug\Dojo-20130829.exe" />
    </Deployment>
    <Execution>
      <TestTypeSpecific />
      <AgentRule name="Execution Agents">
      </AgentRule>
    </Execution>
  </TestSettings>
  <Times creation="2013-08-29T20:25:45.0635581-03:00" queuing="2013-08-29T20:25:45.0985581-03:00" start="2013-08-29T20:25:45.1015581-03:00" finish="2013-08-29T20:25:45.2485581-03:00" />
  <ResultSummary outcome="Completed">
    <Counters total="1" executed="1" passed="1" error="0" failed="0" timeout="0" aborted="0" inconclusive="0" passedButRunAborted="0" notRunnable="0" notExecuted="0" disconnected="0" warning="0" completed="0" inProgress="0" pending="0" />
  </ResultSummary>
  <TestDefinitions>
    <UnitTest name="saque422" storage="c:\projetos-inov\monitorsms\dojo-20130829\dojotest\bin\debug\dojotest.dll" id="c92d6d82-b7c8-8c54-c07b-b9d0383e981c">
      <Execution id="122cf31b-59e5-40bd-a28f-59e7e03ff56a" />
      <TestMethod codeBase="C:/projetos-inov/MonitorSMS/Dojo-20130829/DojoTest/bin/Debug/DojoTest.DLL" adapterTypeName="Microsoft.VisualStudio.TestTools.TestTypes.Unit.UnitTestAdapter, Microsoft.VisualStudio.QualityTools.Tips.UnitTest.Adapter, Version=10.0.0.0, Culture=neutral, PublicKeyToken=b03f5f7f11d50a3a" className="DojoTest.ProgramTest, DojoTest, Version=1.0.0.0, Culture=neutral, PublicKeyToken=null" name="saque422" />
    </UnitTest>
  </TestDefinitions>
  <TestLists>
    <TestList name="Results Not in a List" id="8c84fa94-04c1-424b-9868-57a2d4851a1d" />
    <TestList name="All Loaded Results" id="19431567-8539-422a-85d7-44ee4e166bda" />
  </TestLists>
  <TestEntries>
    <TestEntry testId="c92d6d82-b7c8-8c54-c07b-b9d0383e981c" executionId="122cf31b-59e5-40bd-a28f-59e7e03ff56a" testListId="8c84fa94-04c1-424b-9868-57a2d4851a1d" />
  </TestEntries>
  <Results>
    <UnitTestResult executionId="122cf31b-59e5-40bd-a28f-59e7e03ff56a" testId="c92d6d82-b7c8-8c54-c07b-b9d0383e981c" testName="saque422" computerName="MGA-NODA" duration="00:00:00.0116770" startTime="2013-08-29T20:25:45.1025581-03:00" endTime="2013-08-29T20:25:45.2345581-03:00" testType="13cdc9d9-ddb5-4fa4-a97d-d965ccfc6d4b" outcome="Passed" testListId="8c84fa94-04c1-424b-9868-57a2d4851a1d" relativeResultsDirectory="122cf31b-59e5-40bd-a28f-59e7e03ff56a">
    </UnitTestResult>
  </Results>
</TestRun>